2024-03-18 13:37:33.412 INFO  (main) [c: s: r: x: t:] o.e.j.s.Server jetty-10.0.19; built: 2023-12-15T20:38:32.477Z; git: 8492d1c78f122bb30cce20aecfa07e7283facd47; jvm 17.0.10+7
2024-03-18 13:37:33.718 WARN  (main) [c: s: r: x: t:] o.e.j.u.DeprecationWarning Using @Deprecated Class org.eclipse.jetty.servlet.listener.ELContextCleaner
2024-03-18 13:37:33.749 INFO  (main) [c: s: r: x: t:] o.a.s.s.CoreContainerProvider Using logger factory org.apache.logging.slf4j.Log4jLoggerFactory
2024-03-18 13:37:33.756 INFO  (main) [c: s: r: x: t:] o.a.s.s.CoreContainerProvider  ___      _       Welcome to Apache Solr™ version 9.5.0
2024-03-18 13:37:33.757 INFO  (main) [c: s: r: x: t:] o.a.s.s.CoreContainerProvider / __| ___| |_ _   Starting in standalone mode on port 8983
2024-03-18 13:37:33.757 INFO  (main) [c: s: r: x: t:] o.a.s.s.CoreContainerProvider \__ \/ _ \ | '_|  Install dir: /opt/solr-9.5.0
2024-03-18 13:37:33.757 INFO  (main) [c: s: r: x: t:] o.a.s.s.CoreContainerProvider |___/\___/_|_|    Start time: 2024-03-18T13:37:33.757434598Z
2024-03-18 13:37:33.761 INFO  (main) [c: s: r: x: t:] o.a.s.s.CoreContainerProvider Solr started with "-XX:+CrashOnOutOfMemoryError" that will crash on any OutOfMemoryError exception. The cause of the OOME will be logged in the crash file at the following path: /var/solr/logs/jvm_crash_12.log
2024-03-18 13:37:33.796 INFO  (main) [c: s: r: x: t:] o.a.s.s.CoreContainerProvider Solr Home: /var/solr/data (source: system property: solr.solr.home)
2024-03-18 13:37:33.814 INFO  (main) [c: s: r: x: t:] o.a.s.c.SolrXmlConfig solr.xml not found in SOLR_HOME, using built-in default
2024-03-18 13:37:33.814 INFO  (main) [c: s: r: x: t:] o.a.s.c.SolrXmlConfig Loading solr.xml from /opt/solr-9.5.0/server/solr/solr.xml
2024-03-18 13:37:33.856 INFO  (main) [c: s: r: x: t:] o.a.s.c.SolrResourceLoader Added 1 libs to classloader, from paths: [/opt/solr-9.5.0/lib]
2024-03-18 13:37:34.643 INFO  (main) [c: s: r: x: t:] o.a.s.u.t.SimplePropagator Always-on trace id generation enabled.
2024-03-18 13:37:35.016 WARN  (main) [c: s: r: x: t:] o.a.s.u.StartupLoggingUtils Jetty request logging enabled. Will retain logs for last 3 days. See chapter "Configuring Logging" in reference guide for how to configure.
2024-03-18 13:37:35.027 WARN  (main) [c: s: r: x: t:] o.a.s.c.CoreContainer Not all security plugins configured!  authentication=disabled authorization=disabled.  Solr is only as secure as you make it. Consider configuring authentication/authorization before exposing Solr to users internal or external.  See https://s.apache.org/solrsecurity for more info
2024-03-18 13:37:35.428 INFO  (main) [c: s: r: x: t:] o.a.s.c.CorePropertiesLocator Found 1 core definitions underneath /var/solr/data
2024-03-18 13:37:35.430 INFO  (main) [c: s: r: x: t:] o.a.s.c.CorePropertiesLocator Cores are: [restaurants]
2024-03-18 13:37:35.496 INFO  (coreLoadExecutor-11-thread-1) [c: s: r: x:restaurants t:] o.a.s.c.SolrConfig Using Lucene MatchVersion: 9.9.0
2024-03-18 13:37:35.737 INFO  (coreLoadExecutor-11-thread-1) [c: s: r: x:restaurants t:] o.a.s.s.IndexSchema Schema name=default-config
2024-03-18 13:37:35.909 WARN  (main) [c: s: r: x: t:] o.g.j.m.i.MessagingBinders A class jakarta.activation.DataSource for a default provider MessageBodyWriter<jakarta.activation.DataSource> was not found. The provider is not available.
2024-03-18 13:37:36.466 INFO  (main) [c: s: r: x: t:] o.a.s.j.SolrRequestAuthorizer Creating a new SolrRequestAuthorizer
2024-03-18 13:37:36.619 INFO  (main) [c: s: r: x: t:] o.e.j.s.h.ContextHandler Started o.e.j.w.WebAppContext@655a5d9c{solr-jetty-context.xml,/solr,file:///opt/solr-9.5.0/server/solr-webapp/webapp/,AVAILABLE}{/opt/solr-9.5.0/server/solr-webapp/webapp}
2024-03-18 13:37:36.629 INFO  (main) [c: s: r: x: t:] o.e.j.s.RequestLogWriter Opened /var/solr/logs/2024_03_18.request.log
2024-03-18 13:37:36.634 INFO  (main) [c: s: r: x: t:] o.e.j.s.AbstractConnector Started ServerConnector@2b95e48b{HTTP/1.1, (http/1.1, h2c)}{0.0.0.0:8983}
2024-03-18 13:37:36.635 INFO  (main) [c: s: r: x: t:] o.e.j.s.Server Started Server@376a312c{STARTING}[10.0.19,sto=0] @4586ms
2024-03-18 13:37:36.693 INFO  (coreLoadExecutor-11-thread-1) [c: s: r: x:restaurants t:] o.a.s.s.IndexSchema Loaded schema default-config/1.6 with uniqueid field id
2024-03-18 13:37:36.694 INFO  (coreLoadExecutor-11-thread-1) [c: s: r: x:restaurants t:] o.a.s.c.CoreContainer Creating SolrCore 'restaurants' using configuration from instancedir /var/solr/data/restaurants, trusted=true
2024-03-18 13:37:36.729 INFO  (coreLoadExecutor-11-thread-1) [c: s: r: x:restaurants t:] o.a.s.c.SolrCore Opening new SolrCore at [/var/solr/data/restaurants], dataDir=[/var/solr/data/restaurants/data/]
2024-03-18 13:37:37.191 INFO  (coreLoadExecutor-11-thread-1) [c: s: r: x:restaurants t:] o.a.s.j.SolrRequestAuthorizer Creating a new SolrRequestAuthorizer
2024-03-18 13:37:37.211 INFO  (coreLoadExecutor-11-thread-1) [c: s: r: x:restaurants t:] o.a.s.u.UpdateHandler Using UpdateLog implementation: org.apache.solr.update.UpdateLog
2024-03-18 13:37:37.211 INFO  (coreLoadExecutor-11-thread-1) [c: s: r: x:restaurants t:] o.a.s.u.UpdateLog Initializing UpdateLog: dataDir= defaultSyncLevel=FLUSH numRecordsToKeep=100 maxNumLogsToKeep=10 numVersionBuckets=65536
2024-03-18 13:37:37.255 INFO  (coreLoadExecutor-11-thread-1) [c: s: r: x:restaurants t:] o.a.s.u.CommitTracker Hard AutoCommit: if uncommitted for 15000ms; 
2024-03-18 13:37:37.256 INFO  (coreLoadExecutor-11-thread-1) [c: s: r: x:restaurants t:] o.a.s.u.CommitTracker Soft AutoCommit: if uncommitted for 3000ms; 
2024-03-18 13:37:37.453 INFO  (coreLoadExecutor-11-thread-1) [c: s: r: x:restaurants t:] o.a.s.r.ManagedResourceStorage File-based storage initialized to use dir: /var/solr/data/restaurants/conf
2024-03-18 13:37:37.464 INFO  (coreLoadExecutor-11-thread-1) [c: s: r: x:restaurants t:] o.a.s.s.DirectSolrSpellChecker init: {name=default, field=_text_, classname=solr.DirectSolrSpellChecker, distanceMeasure=internal, accuracy=0.5, maxQueryFrequency=0.01, maxEdits=2, minPrefix=1, maxInspections=5, minQueryLength=4}
2024-03-18 13:37:37.470 INFO  (coreLoadExecutor-11-thread-1) [c: s: r: x:restaurants t:] o.a.s.h.ReplicationHandler Commits will be reserved for 10000 ms
2024-03-18 13:37:37.472 INFO  (searcherExecutor-13-thread-1-processing-restaurants) [c: s: r: x:restaurants t:] o.a.s.c.QuerySenderListener QuerySenderListener done.
2024-03-18 13:37:37.472 INFO  (searcherExecutor-13-thread-1-processing-restaurants) [c: s: r: x:restaurants t:] o.a.s.h.c.SpellCheckComponent Loading spell index for spellchecker: default
2024-03-18 13:37:37.478 INFO  (searcherExecutor-13-thread-1-processing-restaurants) [c: s: r: x:restaurants t:] o.a.s.c.SolrCore Registered new searcher autowarm time: 0 ms
2024-03-18 13:37:59.021 INFO  (qtp693267461-45-null-1) [c: s: r: x: t:null-1] o.a.s.s.HttpSolrCall [admin] webapp=null path=/admin/cores params={indexInfo=false&wt=json&_=1710767341755} status=0 QTime=5
2024-03-18 13:37:59.022 INFO  (qtp693267461-47-null-4) [c: s: r: x:restaurants t:null-4] o.a.s.c.S.Request webapp=/solr path=/config/params params={wt=json&_=1710768328786} status=0 QTime=6
2024-03-18 13:37:59.027 INFO  (qtp693267461-23-null-2) [c: s: r: x: t:null-2] o.a.s.s.HttpSolrCall [admin] webapp=null path=/admin/info/system params={wt=json&_=1710767341755} status=0 QTime=12
2024-03-18 13:37:59.046 INFO  (qtp693267461-46-null-3) [c: s: r: x:restaurants t:null-3] o.a.s.c.S.Request webapp=/solr path=/select params={q=*:*&indent=true&q.op=OR&rows=100&useParams=&_=1710768328785} hits=12 status=0 QTime=30
2024-03-18 13:39:27.838 INFO  (qtp693267461-19-null-5) [c: s: r: x:restaurants t:null-5] o.a.s.c.S.Request webapp=/solr path=/select params={q=id:8192bc92\-a6fd\-483a\-948d\-57d0e0e81300&start=0&rows=1&wt=javabin&version=2} hits=1 status=0 QTime=15
2024-03-18 13:39:57.923 INFO  (qtp693267461-24-null-6) [c: s: r: x:restaurants t:null-6] o.a.s.c.S.Request webapp=/solr path=/select params={q=id:8192bc92\-a6fd\-483a\-948d\-57d0e0e81300&start=0&rows=1&wt=javabin&version=2} hits=1 status=0 QTime=0
2024-03-18 13:40:16.849 INFO  (qtp693267461-25-null-7) [c: s: r: x:restaurants t:null-7] o.a.s.c.S.Request webapp=/solr path=/select params={q=id:49e4cf70\-a532\-4c8d\-8be0\-325a025063f1&start=0&rows=1&wt=javabin&version=2} hits=1 status=0 QTime=2
2024-03-18 13:40:16.877 INFO  (qtp693267461-24-null-8) [c: s: r: x:restaurants t:null-8] o.a.s.u.p.LogUpdateProcessorFactory webapp=/solr path=/update params={wt=javabin&version=2}{delete=[49e4cf70-a532-4c8d-8be0-325a025063f1 (-1793871542349725696)]} 0 18
2024-03-18 13:40:16.943 INFO  (searcherExecutor-13-thread-1-processing-restaurants null-9) [c: s: r: x:restaurants t:null-9] o.a.s.c.QuerySenderListener QuerySenderListener done.
2024-03-18 13:40:16.949 INFO  (searcherExecutor-13-thread-1-processing-restaurants null-9) [c: s: r: x:restaurants t:null-9] o.a.s.c.SolrCore Registered new searcher autowarm time: 4 ms
2024-03-18 13:40:16.978 INFO  (qtp693267461-25-null-9) [c: s: r: x:restaurants t:null-9] o.a.s.u.p.LogUpdateProcessorFactory webapp=/solr path=/update params={waitSearcher=true&commit=true&softCommit=false&wt=javabin&version=2}{commit=} 0 96
2024-03-18 13:40:19.640 INFO  (qtp693267461-26-null-10) [c: s: r: x: t:null-10] o.a.s.s.HttpSolrCall [admin] webapp=null path=/admin/cores params={indexInfo=false&wt=json&_=1710767341755} status=0 QTime=0
2024-03-18 13:40:19.654 INFO  (qtp693267461-27-null-11) [c: s: r: x: t:null-11] o.a.s.s.HttpSolrCall [admin] webapp=null path=/admin/info/system params={wt=json&_=1710767341755} status=0 QTime=7
2024-03-18 13:40:19.657 INFO  (qtp693267461-18-null-12) [c: s: r: x:restaurants t:null-12] o.a.s.c.S.Request webapp=/solr path=/config/params params={wt=json&_=1710768328786} status=0 QTime=0
2024-03-18 13:40:19.668 INFO  (qtp693267461-24-null-13) [c: s: r: x:restaurants t:null-13] o.a.s.c.S.Request webapp=/solr path=/select params={q=*:*&indent=true&q.op=OR&rows=100&useParams=&_=1710768328785} hits=11 status=0 QTime=0
2024-03-18 13:40:40.145 INFO  (qtp693267461-27-null-14) [c: s: r: x:restaurants t:null-14] o.a.s.u.p.LogUpdateProcessorFactory webapp=/solr path=/update params={wt=javabin&version=2}{add=[6862a271-608a-4a23-9c5f-e3e2c089708b (1793871566714437632)]} 0 41
2024-03-18 13:40:40.326 INFO  (searcherExecutor-13-thread-1-processing-restaurants null-15) [c: s: r: x:restaurants t:null-15] o.a.s.c.QuerySenderListener QuerySenderListener done.
2024-03-18 13:40:40.333 INFO  (searcherExecutor-13-thread-1-processing-restaurants null-15) [c: s: r: x:restaurants t:null-15] o.a.s.c.SolrCore Registered new searcher autowarm time: 0 ms
2024-03-18 13:40:40.334 INFO  (qtp693267461-24-null-15) [c: s: r: x:restaurants t:null-15] o.a.s.u.p.LogUpdateProcessorFactory webapp=/solr path=/update params={waitSearcher=true&commit=true&softCommit=false&wt=javabin&version=2}{commit=} 0 185
2024-03-18 13:40:49.151 INFO  (qtp693267461-26-null-17) [c: s: r: x: t:null-17] o.a.s.s.HttpSolrCall [admin] webapp=null path=/admin/cores params={indexInfo=false&wt=json&_=1710767341755} status=0 QTime=0
2024-03-18 13:40:49.151 INFO  (qtp693267461-25-null-18) [c: s: r: x:restaurants t:null-18] o.a.s.c.S.Request webapp=/solr path=/config/params params={wt=json&_=1710768328786} status=0 QTime=0
2024-03-18 13:40:49.151 INFO  (qtp693267461-21-null-19) [c: s: r: x:restaurants t:null-19] o.a.s.c.S.Request webapp=/solr path=/select params={q=*:*&indent=true&q.op=OR&rows=100&useParams=&_=1710768328785} hits=12 status=0 QTime=0
2024-03-18 13:40:49.157 INFO  (qtp693267461-27-null-16) [c: s: r: x: t:null-16] o.a.s.s.HttpSolrCall [admin] webapp=null path=/admin/info/system params={wt=json&_=1710767341755} status=0 QTime=6
2024-03-18 13:44:18.147 INFO  (qtp693267461-26-null-20) [c: s: r: x:restaurants t:null-20] o.a.s.c.S.Request webapp=/solr path=/select params={q=latitude:[40.97854764256111+TO+41.158411963744854]+AND+longitude:[28.877671631271504+TO+29.11624223186929]&start=0&rows=0&wt=javabin&version=2} hits=6 status=0 QTime=16
2024-03-18 13:44:18.153 INFO  (qtp693267461-23-null-21) [c: s: r: x:restaurants t:null-21] o.a.s.c.S.Request webapp=/solr path=/select params={q=latitude:[40.97854764256111+TO+41.158411963744854]+AND+longitude:[28.877671631271504+TO+29.11624223186929]&start=0&rows=6&wt=javabin&version=2} hits=6 status=0 QTime=0
2024-03-18 13:44:51.831 INFO  (qtp693267461-26-null-22) [c: s: r: x:restaurants t:null-22] o.a.s.c.S.Request webapp=/solr path=/select params={q=latitude:[40.88736654793296+TO+41.067230869116706]+AND+longitude:[28.759324233428693+TO+28.997564759441417]&start=0&rows=0&wt=javabin&version=2} hits=3 status=0 QTime=6
2024-03-18 13:44:51.835 INFO  (qtp693267461-23-null-23) [c: s: r: x:restaurants t:null-23] o.a.s.c.S.Request webapp=/solr path=/select params={q=latitude:[40.88736654793296+TO+41.067230869116706]+AND+longitude:[28.759324233428693+TO+28.997564759441417]&start=0&rows=3&wt=javabin&version=2} hits=3 status=0 QTime=1
2024-03-18 13:45:45.515 INFO  (qtp693267461-24-null-24) [c: s: r: x:restaurants t:null-24] o.a.s.c.S.Request webapp=/solr path=/select params={q=latitude:[40.97822666085157+TO+41.15809098203531]+AND+longitude:[28.877929806463108+TO+29.116499242446164]&start=0&rows=0&wt=javabin&version=2} hits=6 status=0 QTime=1
2024-03-18 13:45:45.519 INFO  (qtp693267461-26-null-25) [c: s: r: x:restaurants t:null-25] o.a.s.c.S.Request webapp=/solr path=/select params={q=latitude:[40.97822666085157+TO+41.15809098203531]+AND+longitude:[28.877929806463108+TO+29.116499242446164]&start=0&rows=6&wt=javabin&version=2} hits=6 status=0 QTime=0
2024-03-18 13:46:30.270 INFO  (qtp693267461-24-null-26) [c: s: r: x:restaurants t:null-26] o.a.s.c.S.Request webapp=/solr path=/select params={q=latitude:[40.97494707071793+TO+41.154811391901674]+AND+longitude:[28.881524009064943+TO+29.120081546824494]&start=0&rows=0&wt=javabin&version=2} hits=6 status=0 QTime=2
2024-03-18 13:46:30.275 INFO  (qtp693267461-26-null-27) [c: s: r: x:restaurants t:null-27] o.a.s.c.S.Request webapp=/solr path=/select params={q=latitude:[40.97494707071793+TO+41.154811391901674]+AND+longitude:[28.881524009064943+TO+29.120081546824494]&start=0&rows=6&wt=javabin&version=2} hits=6 status=0 QTime=0
2024-03-18 13:56:59.547 INFO  (JettyShutdownThread) [c: s: r: x: t:] o.e.j.s.Server Stopped Server@376a312c{STOPPING}[10.0.19,sto=0]
2024-03-18 13:56:59.550 INFO  (JettyShutdownThread) [c: s: r: x: t:] o.e.j.s.AbstractConnector Stopped ServerConnector@2b95e48b{HTTP/1.1, (http/1.1, h2c)}{0.0.0.0:8983}
2024-03-18 13:56:59.557 INFO  (JettyShutdownThread) [c: s: r: x: t:] o.a.s.c.CoreContainer Shutting down CoreContainer instance=1537371824
2024-03-18 13:56:59.560 INFO  (coreCloseExecutor-19-thread-1) [c: s: r: x:restaurants t:] o.a.s.c.SolrCore CLOSING SolrCore org.apache.solr.core.SolrCore@697ec8e8 restaurants
2024-03-18 13:56:59.561 INFO  (coreCloseExecutor-19-thread-1) [c: s: r: x:restaurants t:] o.a.s.m.SolrMetricManager Closing metric reporters for registry=solr.core.restaurants tag=SolrCore@697ec8e8
2024-03-18 13:56:59.576 INFO  (coreCloseExecutor-19-thread-1) [c: s: r: x:restaurants t:] o.a.s.u.DirectUpdateHandler2 Committing on IndexWriter.close()  ... SKIPPED (unnecessary).
2024-03-18 13:56:59.609 INFO  (JettyShutdownThread) [c: s: r: x: t:] o.a.s.m.SolrMetricManager Closing metric reporters for registry=solr.node tag=null
2024-03-18 13:56:59.615 INFO  (JettyShutdownThread) [c: s: r: x: t:] o.a.s.m.SolrMetricManager Closing metric reporters for registry=solr.jvm tag=null
2024-03-18 13:56:59.618 INFO  (JettyShutdownThread) [c: s: r: x: t:] o.a.s.m.SolrMetricManager Closing metric reporters for registry=solr.jetty tag=null
2024-03-18 13:56:59.624 INFO  (JettyShutdownThread) [c: s: r: x: t:] o.e.j.s.h.ContextHandler Stopped o.e.j.w.WebAppContext@655a5d9c{solr-jetty-context.xml,/solr,null,STOPPED}{/opt/solr-9.5.0/server/solr-webapp/webapp}
